<?xml version="1.0" encoding="UTF-8"?>
<!-- Generated by org.testng.reporters.JUnitReportReporter -->
<testsuite hostname="DESKTOP-C8S4OON" failures="0" tests="1" name="com.hrms.testscripts.Testng_Tc001" time="11.774" errors="0" timestamp="3 Apr 2023 05:19:50 GMT">
  <testcase classname="com.hrms.testscripts.Testng_Tc001" name="tc001" time="11.774"/>
</testsuite> <!-- com.hrms.testscripts.Testng_Tc001 -->
